CMake Deprecation Warning at /opt/ros/noetic/share/ros/core/rosbuild/rosbuild.cmake:7 (cmake_policy):
  The OLD behavior for policy CMP0011 will be removed from a future version
  of CMake.

  The cmake-policies(7) manual explains that the OLD behaviors of all
  policies are deprecated and that a policy should be set to OLD only under
  specific short-term circumstances.  Projects should be ported to the NEW
  behavior and not rely on setting a policy to OLD.
[36mCall Stack (most recent call first):[0m
  CMakeLists.txt:2 (include)


CMake Deprecation Warning at /opt/ros/noetic/share/ros/core/rosbuild/rosbuild.cmake:16 (cmake_policy):
  The OLD behavior for policy CMP0002 will be removed from a future version
  of CMake.

  The cmake-policies(7) manual explains that the OLD behaviors of all
  policies are deprecated and that a policy should be set to OLD only under
  specific short-term circumstances.  Projects should be ported to the NEW
  behavior and not rely on setting a policy to OLD.
[36mCall Stack (most recent call first):[0m
  CMakeLists.txt:2 (include)


CMake Deprecation Warning at /opt/ros/noetic/share/ros/core/rosbuild/rosbuild.cmake:18 (cmake_policy):
  The OLD behavior for policy CMP0003 will be removed from a future version
  of CMake.

  The cmake-policies(7) manual explains that the OLD behaviors of all
  policies are deprecated and that a policy should be set to OLD only under
  specific short-term circumstances.  Projects should be ported to the NEW
  behavior and not rely on setting a policy to OLD.
[36mCall Stack (most recent call first):[0m
  CMakeLists.txt:2 (include)


CMake Deprecation Warning at /opt/ros/noetic/share/ros/core/rosbuild/rosbuild.cmake:20 (cmake_policy):
  The OLD behavior for policy CMP0005 will be removed from a future version
  of CMake.

  The cmake-policies(7) manual explains that the OLD behaviors of all
  policies are deprecated and that a policy should be set to OLD only under
  specific short-term circumstances.  Projects should be ported to the NEW
  behavior and not rely on setting a policy to OLD.
[36mCall Stack (most recent call first):[0m
  CMakeLists.txt:2 (include)


CMake Deprecation Warning at /opt/ros/noetic/share/ros/core/rosbuild/rosbuild.cmake:23 (cmake_policy):
  The OLD behavior for policy CMP0011 will be removed from a future version
  of CMake.

  The cmake-policies(7) manual explains that the OLD behaviors of all
  policies are deprecated and that a policy should be set to OLD only under
  specific short-term circumstances.  Projects should be ported to the NEW
  behavior and not rely on setting a policy to OLD.
[36mCall Stack (most recent call first):[0m
  CMakeLists.txt:2 (include)


[33m[1mCMake Warning[0m at /opt/ros/noetic/share/catkin/cmake/catkin_package.cmake:166 (message):
  catkin_package() DEPENDS on 'eigen' but neither 'eigen_INCLUDE_DIRS' nor
  'eigen_LIBRARIES' is defined.
[36mCall Stack (most recent call first):[0m
  /opt/ros/noetic/share/catkin/cmake/catkin_package.cmake:102 (_catkin_package)
  CMakeLists.txt:34 (catkin_package)


[33m[1mCMake Warning[0m at /opt/ros/noetic/share/catkin/cmake/catkin_package.cmake:166 (message):
  catkin_package() DEPENDS on 'opencv' but neither 'opencv_INCLUDE_DIRS' nor
  'opencv_LIBRARIES' is defined.
[36mCall Stack (most recent call first):[0m
  /opt/ros/noetic/share/catkin/cmake/catkin_package.cmake:102 (_catkin_package)
  CMakeLists.txt:34 (catkin_package)


** WARNING ** io features related to pcap will be disabled
** WARNING ** io features related to png will be disabled
** WARNING ** io features related to libusb-1.0 will be disabled
